<?xml version="1.0" encoding="UTF-8"?>
<testng-results skipped="0" failed="1" total="7" passed="6">
  <reporter-output>
  </reporter-output>
  <suite name="TestAll" duration-ms="16699" started-at="2014-08-05T04:32:51Z" finished-at="2014-08-05T04:33:08Z">
    <groups>
      <group name="init">
        <method signature="TST_Comman.login()[pri:0, instance:com.kirwa.webdriver.test.TST_Comman@bd86fd3]" name="login" class="com.kirwa.webdriver.test.TST_Comman"/>
      </group> <!-- init -->
    </groups>
    <test name="UI Tests" duration-ms="16699" started-at="2014-08-05T04:32:51Z" finished-at="2014-08-05T04:33:08Z">
      <class name="com.kirwa.webdriver.test.TST_Comman">
        <test-method status="PASS" signature="beforeSuite()[pri:0, instance:com.kirwa.webdriver.test.TST_Comman@bd86fd3]" name="beforeSuite" is-config="true" duration-ms="1420" started-at="2014-08-05T10:02:50Z" finished-at="2014-08-05T10:02:51Z">
          <reporter-output>
          </reporter-output>
        </test-method> <!-- beforeSuite -->
        <test-method status="PASS" signature="beforetest()[pri:0, instance:com.kirwa.webdriver.test.TST_Comman@bd86fd3]" name="beforetest" is-config="true" duration-ms="3" started-at="2014-08-05T10:02:51Z" finished-at="2014-08-05T10:02:51Z">
          <reporter-output>
          </reporter-output>
        </test-method> <!-- beforetest -->
        <test-method status="PASS" signature="login()[pri:0, instance:com.kirwa.webdriver.test.TST_Comman@bd86fd3]" name="login" duration-ms="4097" started-at="2014-08-05T10:02:51Z" finished-at="2014-08-05T10:02:55Z">
          <reporter-output>
          </reporter-output>
        </test-method> <!-- login -->
        <test-method status="PASS" signature="StartTestCase()[pri:0, instance:com.kirwa.webdriver.test.TST_Comman@bd86fd3]" name="StartTestCase" is-config="true" duration-ms="0" started-at="2014-08-05T10:02:51Z" finished-at="2014-08-05T10:02:51Z">
          <reporter-output>
          </reporter-output>
        </test-method> <!-- StartTestCase -->
        <test-method status="PASS" signature="EndTestCase()[pri:0, instance:com.kirwa.webdriver.test.TST_Comman@bd86fd3]" name="EndTestCase" is-config="true" duration-ms="0" started-at="2014-08-05T10:02:55Z" finished-at="2014-08-05T10:02:55Z">
          <reporter-output>
          </reporter-output>
        </test-method> <!-- EndTestCase -->
        <test-method status="PASS" signature="afterSuite()[pri:0, instance:com.kirwa.webdriver.test.TST_Comman@bd86fd3]" name="afterSuite" is-config="true" duration-ms="573" started-at="2014-08-05T10:03:08Z" finished-at="2014-08-05T10:03:08Z">
          <reporter-output>
          </reporter-output>
        </test-method> <!-- afterSuite -->
      </class> <!-- com.ideas.webdriver.test.TST_Comman -->
      <class name="com.kirwa.webdriver.test.TST_AtaGlance">
        <test-method status="PASS" signature="beforetest()[pri:0, instance:com.kirwa.webdriver.test.TST_AtaGlance@3f6dadf9]" name="beforetest" is-config="true" duration-ms="0" started-at="2014-08-05T10:02:55Z" finished-at="2014-08-05T10:02:55Z">
          <reporter-output>
          </reporter-output>
        </test-method> <!-- beforetest -->
        <test-method status="PASS" signature="StartTestCase()[pri:0, instance:com.kirwa.webdriver.test.TST_AtaGlance@3f6dadf9]" name="StartTestCase" is-config="true" duration-ms="0" started-at="2014-08-05T10:02:55Z" finished-at="2014-08-05T10:02:55Z">
          <reporter-output>
          </reporter-output>
        </test-method> <!-- StartTestCase -->
        <test-method status="FAIL" signature="Verify_AtGlance_Header()[pri:0, instance:com.kirwa.webdriver.test.TST_AtaGlance@3f6dadf9]" name="Verify_AtGlance_Header" duration-ms="924" depends-on-groups="init" started-at="2014-08-05T10:02:55Z" finished-at="2014-08-05T10:02:56Z">
          <exception class="java.lang.AssertionError">
            <message>
              <![CDATA[expected [true] but found [false]]]>
            </message>
            <full-stacktrace>
                <![CDATA[java.lang.AssertionError: expected [true] but found [false]
	at org.testng.Assert.fail(Assert.java:94)
	at org.testng.Assert.failNotEquals(Assert.java:494)
	at org.testng.Assert.assertTrue(Assert.java:42)
	at org.testng.Assert.assertTrue(Assert.java:52)
	at com.kirwa.webdriver.test.TST_AtaGlance.Verify_AtGlance_Header(TST_AtaGlance.java:33)
	at sun.reflect.NativeMethodAccessorImpl.invoke0(Native Method)
	at sun.reflect.NativeMethodAccessorImpl.invoke(NativeMethodAccessorImpl.java:39)
	at sun.reflect.DelegatingMethodAccessorImpl.invoke(DelegatingMethodAccessorImpl.java:25)
	at java.lang.reflect.Method.invoke(Method.java:597)
	at org.testng.internal.MethodInvocationHelper.invokeMethod(MethodInvocationHelper.java:84)
	at org.testng.internal.Invoker.invokeMethod(Invoker.java:714)
	at org.testng.internal.Invoker.invokeTestMethod(Invoker.java:901)
	at org.testng.internal.Invoker.invokeTestMethods(Invoker.java:1231)
	at org.testng.internal.TestMethodWorker.invokeTestMethods(TestMethodWorker.java:127)
	at org.testng.internal.TestMethodWorker.run(TestMethodWorker.java:111)
	at org.testng.TestRunner.privateRun(TestRunner.java:767)
	at org.testng.TestRunner.run(TestRunner.java:617)
	at org.testng.SuiteRunner.runTest(SuiteRunner.java:334)
	at org.testng.SuiteRunner.runSequentially(SuiteRunner.java:329)
	at org.testng.SuiteRunner.privateRun(SuiteRunner.java:291)
	at org.testng.SuiteRunner.run(SuiteRunner.java:240)
	at org.testng.SuiteRunnerWorker.runSuite(SuiteRunnerWorker.java:52)
	at org.testng.SuiteRunnerWorker.run(SuiteRunnerWorker.java:86)
	at org.testng.TestNG.runSuitesSequentially(TestNG.java:1224)
	at org.testng.TestNG.runSuitesLocally(TestNG.java:1149)
	at org.testng.TestNG.run(TestNG.java:1057)
	at org.testng.remote.RemoteTestNG.run(RemoteTestNG.java:111)
	at org.testng.remote.RemoteTestNG.initAndRun(RemoteTestNG.java:204)
	at org.testng.remote.RemoteTestNG.main(RemoteTestNG.java:175)
]]>
            </full-stacktrace>
          </exception> <!-- java.lang.AssertionError -->
          <reporter-output>
          </reporter-output>
        </test-method> <!-- Verify_AtGlance_Header -->
        <test-method status="PASS" signature="verify_AtGlance_Alerts()[pri:0, instance:com.kirwa.webdriver.test.TST_AtaGlance@3f6dadf9]" name="verify_AtGlance_Alerts" duration-ms="2683" depends-on-groups="init" started-at="2014-08-05T10:02:56Z" finished-at="2014-08-05T10:02:59Z">
          <reporter-output>
          </reporter-output>
        </test-method> <!-- verify_AtGlance_Alerts -->
        <test-method status="PASS" signature="StartTestCase()[pri:0, instance:com.kirwa.webdriver.test.TST_AtaGlance@3f6dadf9]" name="StartTestCase" is-config="true" duration-ms="0" started-at="2014-08-05T10:02:56Z" finished-at="2014-08-05T10:02:56Z">
          <reporter-output>
          </reporter-output>
        </test-method> <!-- StartTestCase -->
        <test-method status="PASS" signature="StartTestCase()[pri:0, instance:com.kirwa.webdriver.test.TST_AtaGlance@3f6dadf9]" name="StartTestCase" is-config="true" duration-ms="0" started-at="2014-08-05T10:02:59Z" finished-at="2014-08-05T10:02:59Z">
          <reporter-output>
          </reporter-output>
        </test-method> <!-- StartTestCase -->
        <test-method status="PASS" signature="verify_AtGlance_BusinessDetails()[pri:0, instance:com.kirwa.webdriver.test.TST_AtaGlance@3f6dadf9]" name="verify_AtGlance_BusinessDetails" duration-ms="2754" depends-on-groups="init" started-at="2014-08-05T10:02:59Z" finished-at="2014-08-05T10:03:02Z">
          <reporter-output>
          </reporter-output>
        </test-method> <!-- verify_AtGlance_BusinessDetails -->
        <test-method status="PASS" signature="StartTestCase()[pri:0, instance:com.kirwa.webdriver.test.TST_AtaGlance@3f6dadf9]" name="StartTestCase" is-config="true" duration-ms="0" started-at="2014-08-05T10:03:02Z" finished-at="2014-08-05T10:03:02Z">
          <reporter-output>
          </reporter-output>
        </test-method> <!-- StartTestCase -->
        <test-method status="PASS" signature="verify_AtGlance_Calendar()[pri:0, instance:com.kirwa.webdriver.test.TST_AtaGlance@3f6dadf9]" name="verify_AtGlance_Calendar" duration-ms="877" depends-on-groups="init" started-at="2014-08-05T10:03:02Z" finished-at="2014-08-05T10:03:02Z">
          <reporter-output>
          </reporter-output>
        </test-method> <!-- verify_AtGlance_Calendar -->
        <test-method status="PASS" signature="StartTestCase()[pri:0, instance:com.kirwa.webdriver.test.TST_AtaGlance@3f6dadf9]" name="StartTestCase" is-config="true" duration-ms="0" started-at="2014-08-05T10:03:02Z" finished-at="2014-08-05T10:03:02Z">
          <reporter-output>
          </reporter-output>
        </test-method> <!-- StartTestCase -->
        <test-method status="PASS" signature="verify_AtGlance_DatePopup()[pri:0, instance:com.kirwa.webdriver.test.TST_AtaGlance@3f6dadf9]" name="verify_AtGlance_DatePopup" duration-ms="2634" depends-on-groups="init" started-at="2014-08-05T10:03:02Z" finished-at="2014-08-05T10:03:05Z">
          <reporter-output>
          </reporter-output>
        </test-method> <!-- verify_AtGlance_DatePopup -->
        <test-method status="PASS" signature="StartTestCase()[pri:0, instance:com.kirwa.webdriver.test.TST_AtaGlance@3f6dadf9]" name="StartTestCase" is-config="true" duration-ms="0" started-at="2014-08-05T10:03:05Z" finished-at="2014-08-05T10:03:05Z">
          <reporter-output>
          </reporter-output>
        </test-method> <!-- StartTestCase -->
        <test-method status="PASS" signature="verify_AtGlance_SpecialEvents()[pri:0, instance:com.kirwa.webdriver.test.TST_AtaGlance@3f6dadf9]" name="verify_AtGlance_SpecialEvents" duration-ms="2695" depends-on-groups="init" started-at="2014-08-05T10:03:05Z" finished-at="2014-08-05T10:03:08Z">
          <reporter-output>
          </reporter-output>
        </test-method> <!-- verify_AtGlance_SpecialEvents -->
      </class> <!-- com.ideas.webdriver.test.TST_AtaGlance -->
    </test> <!-- UI Tests -->
  </suite> <!-- TestAll -->
</testng-results>
